c:\users\leenz\source\repos\class8\class8\x64\debug\vc143.pdb
c:\users\leenz\source\repos\class8\class8\x64\debug\vc143.idb
c:\users\leenz\source\repos\class8\class8\x64\debug\class8.obj
c:\users\leenz\source\repos\class8\class8\x64\debug\student.obj
c:\users\leenz\source\repos\class8\class8\x64\debug\person.obj
c:\users\leenz\source\repos\class8\class8\x64\debug\object.obj
c:\users\leenz\source\repos\class8\class8\x64\debug\list.obj
c:\users\leenz\source\repos\class8\class8\x64\debug\dialog.obj
c:\users\leenz\source\repos\class8\x64\debug\class8.pdb
c:\users\leenz\source\repos\class8\class8\x64\debug\class8.tlog\cl.command.1.tlog
c:\users\leenz\source\repos\class8\class8\x64\debug\class8.tlog\cl.read.1.tlog
c:\users\leenz\source\repos\class8\class8\x64\debug\class8.tlog\cl.write.1.tlog
c:\users\leenz\source\repos\class8\class8\x64\debug\class8.tlog\link.22816-cvtres.read.1.tlog
c:\users\leenz\source\repos\class8\class8\x64\debug\class8.tlog\link.22816-cvtres.write.1.tlog
c:\users\leenz\source\repos\class8\class8\x64\debug\class8.tlog\link.22816-rc.read.1.tlog
c:\users\leenz\source\repos\class8\class8\x64\debug\class8.tlog\link.22816-rc.write.1.tlog
c:\users\leenz\source\repos\class8\class8\x64\debug\class8.tlog\link.22816.read.1.tlog
c:\users\leenz\source\repos\class8\class8\x64\debug\class8.tlog\link.22816.read.2.tlog
c:\users\leenz\source\repos\class8\class8\x64\debug\class8.tlog\link.22816.write.1.tlog
c:\users\leenz\source\repos\class8\class8\x64\debug\class8.tlog\link.command.1.tlog
c:\users\leenz\source\repos\class8\class8\x64\debug\class8.tlog\link.read.1.tlog
c:\users\leenz\source\repos\class8\class8\x64\debug\class8.tlog\link.write.1.tlog
