c:\users\leenz\source\repos\class7\class7\x64\debug\vc143.pdb
c:\users\leenz\source\repos\class7\class7\x64\debug\vc143.idb
c:\users\leenz\source\repos\class7\class7\x64\debug\vector.obj
c:\users\leenz\source\repos\class7\class7\x64\debug\time.obj
c:\users\leenz\source\repos\class7\class7\x64\debug\class7.obj
c:\users\leenz\source\repos\class7\class7\x64\debug\main.obj
c:\users\leenz\source\repos\class7\x64\debug\class7.pdb
c:\users\leenz\source\repos\class7\class7\x64\debug\class7.tlog\cl.command.1.tlog
c:\users\leenz\source\repos\class7\class7\x64\debug\class7.tlog\cl.read.1.tlog
c:\users\leenz\source\repos\class7\class7\x64\debug\class7.tlog\cl.write.1.tlog
c:\users\leenz\source\repos\class7\class7\x64\debug\class7.tlog\link-cvtres.read.1.tlog
c:\users\leenz\source\repos\class7\class7\x64\debug\class7.tlog\link-cvtres.write.1.tlog
c:\users\leenz\source\repos\class7\class7\x64\debug\class7.tlog\link-rc.read.1.tlog
c:\users\leenz\source\repos\class7\class7\x64\debug\class7.tlog\link-rc.write.1.tlog
c:\users\leenz\source\repos\class7\class7\x64\debug\class7.tlog\link.8028-cvtres.read.1.tlog
c:\users\leenz\source\repos\class7\class7\x64\debug\class7.tlog\link.8028-cvtres.write.1.tlog
c:\users\leenz\source\repos\class7\class7\x64\debug\class7.tlog\link.8028-rc.read.1.tlog
c:\users\leenz\source\repos\class7\class7\x64\debug\class7.tlog\link.8028-rc.write.1.tlog
c:\users\leenz\source\repos\class7\class7\x64\debug\class7.tlog\link.8028.read.1.tlog
c:\users\leenz\source\repos\class7\class7\x64\debug\class7.tlog\link.8028.read.2.tlog
c:\users\leenz\source\repos\class7\class7\x64\debug\class7.tlog\link.8028.write.1.tlog
c:\users\leenz\source\repos\class7\class7\x64\debug\class7.tlog\link.command.1.tlog
c:\users\leenz\source\repos\class7\class7\x64\debug\class7.tlog\link.read.1.tlog
c:\users\leenz\source\repos\class7\class7\x64\debug\class7.tlog\link.read.2.tlog
c:\users\leenz\source\repos\class7\class7\x64\debug\class7.tlog\link.read.3.tlog
c:\users\leenz\source\repos\class7\class7\x64\debug\class7.tlog\link.write.1.tlog
